<?xml version="1.0" encoding="UTF-8"?>
<testng-results ignored="0" total="1" passed="1" failed="0" skipped="0">
  <reporter-output>
  </reporter-output>
  <suite started-at="2023-04-13T09:28:03 IST" name="Default suite" finished-at="2023-04-13T09:28:11 IST" duration-ms="7957">
    <groups>
    </groups>
    <test started-at="2023-04-13T09:28:03 IST" name="Default test" finished-at="2023-04-13T09:28:11 IST" duration-ms="7957">
      <class name="org.testing.TestScripts.TC1_PostRequest1">
        <test-method signature="testcase1()[pri:0, instance:org.testing.TestScripts.TC1_PostRequest1@74751b3]" started-at="2023-04-13T09:28:03 IST" name="testcase1" finished-at="2023-04-13T09:28:11 IST" duration-ms="7878" status="PASS">
          <reporter-output>
          </reporter-output>
        </test-method> <!-- testcase1 -->
      </class> <!-- org.testing.TestScripts.TC1_PostRequest1 -->
    </test> <!-- Default test -->
  </suite> <!-- Default suite -->
</testng-results>
